\BOOKMARK [1][-]{section*.2}{\376\377\000I\000n\000t\000r\000o\000d\000u\000c\000t\000i\000o\000n}{}% 1
\BOOKMARK [0][-]{chapter*.5}{\376\377\000A\000p\000p\000e\000n\000d\000i\000x\000\040\000A\000\040\000L\000o\000g\000i\000c\000\040\000o\000n\000\040\000p\000i\000c\000t\000u\000r\000e\000s}{}% 2
\BOOKMARK [1][-]{section*.6}{\376\377\000C\000o\000u\000n\000t\000r\000i\000e\000s}{chapter*.5}% 3
\BOOKMARK [0][-]{chapter*.7}{\376\377\000A\000u\000s\000t\000r\000a\000l\000i\000a\000n\000\040\000S\000t\000a\000m\000p\000s\000\040\000a\000n\000d\000\040\000P\000o\000s\000t\000a\000l\000\040\000H\000i\000s\000t\000o\000r\000y}{}% 4
\BOOKMARK [1][-]{section*.8}{\376\377\000T\000h\000e\000\040\000B\000i\000r\000d\000s\000\040\000D\000e\000f\000i\000n\000i\000t\000i\000v\000e\000\040\000I\000s\000s\000u\000e\000\040\000o\000f\000\040\0001\0009\0006\0004\000-\0001\0009\0006\0005}{chapter*.7}% 5
\BOOKMARK [0][-]{chapter*.9}{\376\377\000N\000e\000w\000\040\000Z\000e\000a\000l\000a\000n\000d\000\040\000P\000o\000s\000t\000a\000l\000\040\000H\000i\000s\000t\000o\000r\000y}{}% 6
\BOOKMARK [0][-]{chapter*.11}{\376\377\000L\000a\000t\000e\000\040\000F\000e\000e\000s}{}% 7
\BOOKMARK [0][-]{chapter*.12}{\376\377\000N\000e\000w\000\040\000Z\000e\000a\000l\000a\000n\000d\000\040\000P\000o\000s\000t\000a\000l\000\040\000H\000i\000s\000t\000o\000r\000y}{}% 8
\BOOKMARK [0][-]{chapter*.13}{\376\377\000T\000h\000e\000\040\000P\000a\000n\000a\000m\000a\000\040\000R\000o\000u\000t\000e}{}% 9
\BOOKMARK [1][-]{section*.14}{\376\377\000"\000F\000o\000r\000e\000r\000u\000n\000n\000e\000r\000s\000"\000\040\000t\000o\000\040\000t\000h\000e\000\040\000M\000o\000n\000t\000h\000l\000y\000\040\000P\000a\000c\000k\000e\000t\000\040\000S\000e\000r\000v\000i\000c\000e}{chapter*.13}% 10
\BOOKMARK [0][-]{chapter*.15}{\376\377\000V\000i\000a\000\040\000S\000u\000e\000z\000\040\000a\000n\000d\000\040\000S\000o\000u\000t\000h\000a\000m\000p\000t\000o\000n}{}% 11
\BOOKMARK [1][-]{section*.16}{\376\377\000T\000h\000e\000\040\000W\000w\000r\000e\000c\000k\000\040\000o\000f\000\040\000t\000h\000e\000\040\000C\000o\000l\000o\000m\000b\000o}{chapter*.15}% 12
\BOOKMARK [1][-]{section*.17}{\376\377\000A\000n\000\040\0008\000d\000\040\000r\000a\000t\000e}{chapter*.15}% 13
\BOOKMARK [1][-]{section*.18}{\376\377\000"\000E\000x\000p\000r\000e\000s\000s\000"\000\040\000R\000o\000u\000t\000e\000\040\000v\000i\000a\000\040\000M\000a\000r\000s\000e\000i\000l\000l\000e\000s}{chapter*.15}% 14
\BOOKMARK [1][-]{section*.19}{\376\377\000V\000i\000a\000\040\000B\000r\000i\000n\000d\000i\000s\000i}{chapter*.15}% 15
\BOOKMARK [1][-]{section*.20}{\376\377\000N\000o\000n\000-\000C\000o\000n\000t\000r\000a\000c\000t\000\040\000S\000h\000i\000p\000\040\000L\000e\000t\000t\000e\000r}{chapter*.15}% 16
\BOOKMARK [1][-]{section*.21}{\376\377\000T\000h\000e\000\040\000P\000a\000n\000a\000m\000a\000\040\000R\000o\000u\000t\000e}{chapter*.15}% 17
\BOOKMARK [0][-]{chapter*.22}{\376\377\000V\000i\000a\000\040\000H\000o\000n\000o\000l\000u\000l\000u\000\040\000a\000n\000d\000\040\000S\000a\000n\000\040\000F\000r\000a\000n\000c\000i\000s\000c\000o}{}% 18
\BOOKMARK [0][-]{chapter*.23}{\376\377\000D\000e\000s\000t\000i\000n\000a\000t\000i\000o\000n\000\040\000M\000a\000i\000l}{}% 19
\BOOKMARK [1][-]{section*.24}{\376\377\000E\000u\000r\000o\000p\000e\000a\000n\000\040\000D\000e\000s\000t\000i\000n\000a\000t\000i\000o\000n\000s}{chapter*.23}% 20
\BOOKMARK [1][-]{section*.25}{\376\377\000N\000e\000w\000\040\000S\000o\000u\000t\000h\000\040\000W\000a\000l\000e\000s}{chapter*.23}% 21
\BOOKMARK [1][-]{section*.26}{\376\377\000M\000a\000i\000l\000\040\000t\000o\000\040\000t\000h\000e\000\040\000A\000u\000s\000t\000r\000a\000l\000i\000a\000n\000\040\000C\000o\000l\000o\000n\000i\000e\000s\000,\000\040\000V\000i\000c\000t\000o\000r\000i\000a}{chapter*.23}% 22
\BOOKMARK [0][-]{chapter*.27}{\376\377\000M\000a\000i\000l\000\040\000t\000o\000\040\000C\000a\000n\000a\000d\000a}{}% 23
\BOOKMARK [1][-]{section*.28}{\376\377\000M\000a\000i\000l\000\040\000t\000o\000\040\000C\000a\000n\000a\000d\000a\000\040\000\050\000E\000a\000s\000t\000\051}{chapter*.27}% 24
\BOOKMARK [1][-]{section*.29}{\376\377\000M\000a\000i\000l\000\040\000t\000o\000\040\000C\000a\000n\000a\000d\000a\000\040\000\050\000W\000e\000s\000t\000\051}{chapter*.27}% 25
\BOOKMARK [1][-]{section*.30}{\376\377\000M\000a\000i\000l\000\040\000t\000o\000\040\000N\000o\000v\000a\000\040\000S\000c\000o\000t\000i\000a}{chapter*.27}% 26
\BOOKMARK [1][-]{section*.31}{\376\377\000M\000a\000i\000l\000\040\000t\000o\000\040\000C\000a\000n\000a\000d\000a\000,\000\040\000P\000r\000i\000n\000c\000e\000\040\000E\000d\000w\000a\000r\000d\000\040\000I\000s\000l\000a\000n\000d}{chapter*.27}% 27
\BOOKMARK [0][-]{chapter*.32}{\376\377\000M\000a\000i\000l\000\040\000t\000o\000\040\000t\000h\000e\000\040\000U\000n\000i\000t\000e\000d\000\040\000S\000t\000a\000t\000e\000s}{}% 28
\BOOKMARK [0][-]{chapter*.33}{\376\377\000M\000a\000i\000l\000\040\000t\000o\000\040\000t\000h\000e\000\040\000R\000e\000s\000t\000\040\000o\000f\000\040\000t\000h\000e\000\040\000W\000o\000r\000l\000d}{}% 29
\BOOKMARK [1][-]{section*.34}{\376\377\000D\000e\000s\000t\000i\000n\000a\000t\000i\000o\000n\000\040\000M\000a\000i\000l\000,\000\040\000A\000n\000t\000i\000q\000u\000a}{chapter*.33}% 30
\BOOKMARK [1][-]{section*.35}{\376\377\000D\000e\000s\000t\000i\000n\000a\000t\000i\000o\000n\000\040\000M\000a\000i\000l\000,\000\040\000B\000r\000a\000z\000i\000l}{chapter*.33}% 31
\BOOKMARK [1][-]{section*.36}{\376\377\000C\000a\000p\000e\000\040\000o\000f\000\040\000G\000o\000o\000d\000\040\000H\000o\000p\000e}{chapter*.33}% 32
\BOOKMARK [1][-]{section*.37}{\376\377\000D\000e\000s\000t\000i\000n\000a\000t\000i\000o\000n\000\040\000M\000a\000i\000l\000,\000\040\000C\000e\000y\000l\000o\000n}{chapter*.33}% 33
\BOOKMARK [1][-]{section*.38}{\376\377\000D\000e\000s\000t\000i\000n\000a\000t\000i\000o\000n\000\040\000M\000a\000i\000l\000,\000\040\000I\000n\000d\000i\000a}{chapter*.33}% 34
\BOOKMARK [1][-]{section*.39}{\376\377\000D\000e\000s\000t\000i\000n\000a\000t\000i\000o\000n\000\040\000M\000a\000i\000l\000,\000\040\000M\000a\000u\000r\000i\000t\000i\000u\000s}{chapter*.33}% 35
\BOOKMARK [1][-]{section*.40}{\376\377\000D\000e\000s\000t\000i\000n\000a\000t\000i\000o\000n\000\040\000M\000a\000i\000l\000,\000\040\000N\000e\000w\000\040\000C\000a\000l\000e\000d\000o\000n\000i\000a}{chapter*.33}% 36
\BOOKMARK [0][-]{appendix*.41}{\376\377\000M\000a\000r\000k\000\040\000B\000e\000n\000v\000i\000e\000\040\000C\000o\000l\000l\000e\000c\000t\000i\000o\000n}{}% 37
\BOOKMARK [0][-]{appendix*.42}{\376\377\000S\000H\000I\000P\000P\000I\000N\000G\000\040\000D\000I\000S\000A\000S\000T\000E\000R\000S}{}% 38
\BOOKMARK [0][-]{appendix*.43}{\376\377\000E\000g\000y\000p\000t}{}% 39
\BOOKMARK [0][-]{appendix*.44}{\376\377\000E\000g\000y\000p\000t}{}% 40
\BOOKMARK [0][-]{appendix*.45}{\376\377\000A\000u\000s\000t\000r\000i\000a\000n\000\040\000L\000e\000v\000a\000n\000t}{}% 41
\BOOKMARK [0][-]{appendix*.46}{\376\377\000E\000n\000g\000l\000i\000s\000h\000\040\000S\000h\000i\000p\000\040\000M\000a\000i\000l\000s}{}% 42
\BOOKMARK [0][-]{appendix*.47}{\376\377\000E\000g\000y\000p\000t\000,\000\040\000P\000o\000s\000t\000a\000\040\000E\000u\000r\000o\000p\000e\000a}{}% 43
\BOOKMARK [0][-]{appendix*.48}{\376\377\000P\000r\000o\000v\000o\000s\000t\000\040\000e\000s\000s\000a\000y\000s}{}% 44
\BOOKMARK [0][-]{appendix*.49}{\376\377\0001\0008\0007\0009\000\040\000P\000y\000r\000a\000m\000i\000d\000\040\000I\000s\000s\000u\000e}{}% 45
\BOOKMARK [1][-]{section*.51}{\376\377\0001\0009\0002\0006\000\040\0001\0002\000t\000h\000\040\000A\000g\000r\000i\000c\000u\000l\000t\000u\000r\000a\000l\000\040\000E\000x\000h\000i\000b\000i\000t\000i\000o\000n}{appendix*.49}% 46
\BOOKMARK [1][-]{section*.52}{\376\377\0001\0009\0003\0003\000\040\000R\000a\000i\000l\000w\000a\000y\000\040\000C\000o\000n\000g\000r\000e\000s\000s}{appendix*.49}% 47
\BOOKMARK [1][-]{section*.53}{\376\377\0001\0009\0003\0004\000\040\000U\000P\000U\000\040\000C\000o\000n\000g\000r\000e\000s\000s}{appendix*.49}% 48
\BOOKMARK [1][-]{section*.54}{\376\377\0001\0009\0003\0007\000\040\000P\000r\000i\000n\000c\000e}{appendix*.49}% 49
\BOOKMARK [0][-]{appendix*.55}{\376\377\0001\0009\0004\0002\000\040\000M\000i\000l\000l\000e\000n\000i\000u\000m\000\040\000o\000f\000\040\000A\000l\000-\000A\000z\000h\000a\000r\000\040\000M\000o\000s\000q\000u\000e}{}% 50
\BOOKMARK [0][-]{appendix*.56}{\376\377\000C\000o\000n\000s\000u\000l\000a\000r\000\040\000P\000o\000s\000t\000\040\000O\000f\000f\000i\000c\000e\000s}{}% 51
\BOOKMARK [0][-]{appendix*.57}{\376\377\000S\000u\000e\000z}{}% 52
\BOOKMARK [0][-]{appendix*.58}{\376\377\000F\000r\000e\000n\000c\000h}{}% 53
\BOOKMARK [0][-]{appendix*.59}{\376\377\000G\000r\000e\000e\000k\000\040\000P\000o\000s\000t\000\040\000o\000f\000f\000i\000c\000e}{}% 54
\BOOKMARK [0][-]{appendix*.60}{\376\377\000I\000t\000a\000l\000i\000a\000n\000\040\000P\000o\000s\000t\000\040\000O\000f\000f\000i\000c\000e\000\040\000A\000l\000e\000x\000a\000n\000d\000r\000i\000a}{}% 55
\BOOKMARK [0][-]{appendix*.61}{\376\377\000A\000i\000r\000m\000a\000i\000l\000s}{}% 56
\BOOKMARK [1][-]{section*.62}{\376\377\000I\000n\000s\000u\000f\000f\000i\000c\000i\000e\000n\000t\000\040\000P\000o\000s\000t\000a\000g\000e\000\040\000P\000a\000y\000m\000e\000n\000t}{appendix*.61}% 57
\BOOKMARK [0][-]{appendix*.63}{\376\377\000Z\000e\000p\000p\000e\000l\000i\000n\000\040\000F\000l\000i\000g\000h\000t\000s}{}% 58
